  0   \0              64    @             128 \128             192 \192
  1   \1              65    A             129 \129             193 \193
  2   \2              66    B             130 \130             194 \194
  3   \3              67    C             131 \131             195 \195
  4   \4              68    D             132 \132             196 \196
  5   \5              69    E             133 \133             197 \197
  6   \6              70    F             134 \134             198 \198
  7   \a              71    G             135 \135             199 \199
  8   \b              72    H             136 \136             200 \200
  9   \t              73    I             137 \137             201 \201
 10   \n              74    J             138 \138             202 \202
 11   \v              75    K             139 \139             203 \203
 12   \f              76    L             140 \140             204 \204
 13   \r              77    M             141 \141             205 \205
 14  \14              78    N             142 \142             206 \206
 15  \15              79    O             143 \143             207 \207
 16  \16              80    P             144 \144             208 \208
 17  \17              81    Q             145 \145             209 \209
 18  \18              82    R             146 \146             210 \210
 19  \19              83    S             147 \147             211 \211
 20  \20              84    T             148 \148             212 \212
 21  \21              85    U             149 \149             213 \213
 22  \22              86    V             150 \150             214 \214
 23  \23              87    W             151 \151             215 \215
 24  \24              88    X             152 \152             216 \216
 25  \25              89    Y             153 \153             217 \217
 26  \26              90    Z             154 \154             218 \218
 27  \27              91    [             155 \155             219 \219
 28  \28              92    \             156 \156             220 \220
 29  \29              93    ]             157 \157             221 \221
 30  \30              94    ^             158 \158             222 \222
 31  \31              95    _             159 \159             223 \223
 32  \32              96    `             160 \160             224 \224
 33    !              97    a             161 \161             225 \225
 34    "              98    b             162 \162             226 \226
 35    #              99    c             163 \163             227 \227
 36    $             100    d             164 \164             228 \228
 37    %             101    e             165 \165             229 \229
 38    &             102    f             166 \166             230 \230
 39    '             103    g             167 \167             231 \231
 40    (             104    h             168 \168             232 \232
 41    )             105    i             169 \169             233 \233
 42    *             106    j             170 \170             234 \234
 43    +             107    k             171 \171             235 \235
 44    ,             108    l             172 \172             236 \236
 45    -             109    m             173 \173             237 \237
 46    .             110    n             174 \174             238 \238
 47    /             111    o             175 \175             239 \239
 48    0             112    p             176 \176             240 \240
 49    1             113    q             177 \177             241 \241
 50    2             114    r             178 \178             242 \242
 51    3             115    s             179 \179             243 \243
 52    4             116    t             180 \180             244 \244
 53    5             117    u             181 \181             245 \245
 54    6             118    v             182 \182             246 \246
 55    7             119    w             183 \183             247 \247
 56    8             120    x             184 \184             248 \248
 57    9             121    y             185 \185             249 \249
 58    :             122    z             186 \186             250 \250
 59    ;             123    {             187 \187             251 \251
 60    <             124    |             188 \188             252 \252
 61    =             125    }             189 \189             253 \253
 62    >             126    ~             190 \190             254 \254
 63    ?             127 \127             191 \191             255 \255
