bind 1 4: N1:O2A
bind 1 5: N1:O2B
bind 1 9: N1:C4
bind 1 13: N1:C6A
bind 1 20: N1:C9
bind 2 9: C2:C4
bind 2 24: C2:C9A
bind 3 7: C2X:C3A
bind 3 8: C2X:C1A
bind 4 6: O2A:C3
bind 5 6: O2B:C3
bind 6 10: C3:O4
bind 6 11: C3:C5
bind 6 24: C3:C9A
bind 7 12: C3A:O5
bind 7 13: C3A:C6A
bind 7 20: C3A:C9
bind 8 10: C1A:O4
bind 8 11: C1A:C5
bind 8 14: C1A:N6
bind 8 19: C1A:C8
bind 8 21: C1A:C9X
bind 9 14: C4:N6
bind 9 24: C4:C9A
bind 10 12: O4:O5
bind 10 13: O4:C6A
bind 11 15: C5:C7
bind 11 20: C5:C9
bind 12 14: O5:N6
bind 12 24: O5:C9A
bind 13 16: C6A:C7X
bind 13 19: C6A:C8
bind 13 21: C6A:C9X
bind 14 17: N6:O7A
bind 14 18: N6:O7B
bind 14 20: N6:C9
bind 15 21: C7:C9X
bind 15 24: C7:C9A
bind 16 20: C7X:C9
bind 17 19: O7A:C8
bind 18 19: O7B:C8
bind 19 22: C8:O9A
bind 19 23: C8:O9B
bind 22 24: O9A:C9A
bind 23 24: O9B:C9A
, N1, C2, C2X, O2A, O2B, C3, C3A, C1A, C4, O4, C5, O5, C6A, N6, C7, C7X, O7A, O7B, C8, C9, C9X, O9A, O9B, C9A
N1, Infinity, 1, 2, 3, 3, 2, 2, 1, 3, 4, 4, 5, 3, 4, 5, 6, 7, 7, 4, 3, 4, 5, 5, 2
C2, 1, Infinity, 1, 2, 2, 1, 2, 2, 3, 4, 4, 5, 4, 5, 6, 7, 8, 8, 5, 4, 5, 6, 6, 3
C2X, 2, 1, Infinity, 1, 1, 2, 3, 3, 4, 5, 5, 6, 5, 6, 7, 8, 9, 9, 6, 5, 6, 7, 7, 4
O2A, 3, 2, 1, Infinity, 2, 3, 4, 4, 5, 6, 6, 7, 6, 7, 8, 9, 10, 10, 7, 6, 7, 8, 8, 5
O2B, 3, 2, 1, 2, Infinity, 3, 4, 4, 5, 6, 6, 7, 6, 7, 8, 9, 10, 10, 7, 6, 7, 8, 8, 5
C3, 2, 1, 2, 3, 3, Infinity, 1, 2, 2, 3, 3, 4, 4, 5, 6, 7, 8, 8, 5, 4, 5, 6, 6, 3
C3A, 2, 2, 3, 4, 4, 1, Infinity, 1, 1, 2, 2, 3, 3, 4, 5, 6, 7, 7, 4, 3, 4, 5, 5, 2
C1A, 1, 2, 3, 4, 4, 2, 1, Infinity, 2, 3, 3, 4, 2, 3, 4, 5, 6, 6, 3, 2, 3, 4, 4, 1
C4, 3, 3, 4, 5, 5, 2, 1, 2, Infinity, 1, 1, 2, 2, 3, 4, 5, 6, 6, 5, 4, 5, 6, 6, 3
O4, 4, 4, 5, 6, 6, 3, 2, 3, 1, Infinity, 2, 3, 3, 4, 5, 6, 7, 7, 6, 5, 6, 7, 7, 4
C5, 4, 4, 5, 6, 6, 3, 2, 3, 1, 2, Infinity, 1, 1, 2, 3, 4, 5, 5, 4, 3, 4, 5, 5, 2
O5, 5, 5, 6, 7, 7, 4, 3, 4, 2, 3, 1, Infinity, 2, 3, 4, 5, 6, 6, 5, 4, 5, 6, 6, 3
C6A, 3, 4, 5, 6, 6, 4, 3, 2, 2, 3, 1, 2, Infinity, 1, 2, 3, 4, 4, 3, 2, 3, 4, 4, 1
N6, 4, 5, 6, 7, 7, 5, 4, 3, 3, 4, 2, 3, 1, Infinity, 1, 2, 3, 3, 2, 3, 4, 5, 5, 2
C7, 5, 6, 7, 8, 8, 6, 5, 4, 4, 5, 3, 4, 2, 1, Infinity, 1, 2, 2, 1, 2, 3, 4, 4, 3
C7X, 6, 7, 8, 9, 9, 7, 6, 5, 5, 6, 4, 5, 3, 2, 1, Infinity, 1, 1, 2, 3, 4, 5, 5, 4
O7A, 7, 8, 9, 10, 10, 8, 7, 6, 6, 7, 5, 6, 4, 3, 2, 1, Infinity, 2, 3, 4, 5, 6, 6, 5
O7B, 7, 8, 9, 10, 10, 8, 7, 6, 6, 7, 5, 6, 4, 3, 2, 1, 2, Infinity, 3, 4, 5, 6, 6, 5
C8, 4, 5, 6, 7, 7, 5, 4, 3, 5, 6, 4, 5, 3, 2, 1, 2, 3, 3, Infinity, 1, 2, 3, 3, 2
C9, 3, 4, 5, 6, 6, 4, 3, 2, 4, 5, 3, 4, 2, 3, 2, 3, 4, 4, 1, Infinity, 1, 2, 2, 1
C9X, 4, 5, 6, 7, 7, 5, 4, 3, 5, 6, 4, 5, 3, 4, 3, 4, 5, 5, 2, 1, Infinity, 1, 1, 2
O9A, 5, 6, 7, 8, 8, 6, 5, 4, 6, 7, 5, 6, 4, 5, 4, 5, 6, 6, 3, 2, 1, Infinity, 2, 3
O9B, 5, 6, 7, 8, 8, 6, 5, 4, 6, 7, 5, 6, 4, 5, 4, 5, 6, 6, 3, 2, 1, 2, Infinity, 3
C9A, 2, 3, 4, 5, 5, 3, 2, 1, 3, 4, 2, 3, 1, 2, 3, 4, 5, 5, 2, 1, 2, 3, 3, Infinity
bind 1 7: C1:C3
bind 2 5: CL1A:O2
bind 2 6: CL1A:N2
bind 3 5: CL1B:O2
bind 3 6: CL1B:N2
bind 4 8: C2:C4
bind 4 10: C2:C5
bind 5 7: O2:C3
bind 6 9: N2:O4
bind 6 11: N2:O5
bind 6 12: N2:C6
bind 7 13: C3:C7
bind 7 20: C3:C11
bind 8 11: C4:O5
bind 8 12: C4:C6
bind 9 10: O4:C5
bind 10 14: C5:C8
bind 10 19: C5:C10
bind 11 13: O5:C7
bind 11 20: O5:C11
bind 12 15: C6:C9
bind 13 16: C7:N9
bind 13 19: C7:C10
bind 14 17: C8:O9A
bind 14 18: C8:O9B
bind 14 20: C8:C11
bind 16 20: N9:C11
bind 17 19: O9A:C10
bind 18 19: O9B:C10
, C1, CL1A, CL1B, C2, O2, N2, C3, C4, O4, C5, O5, C6, C7, C8, C9, N9, O9A, O9B, C10, C11
C1, Infinity, 1, 1, 1, 2, 2, 3, 4, 5, 4, 5, 5, 6, 7, 8, 9, 10, 10, 7, 6
CL1A, 1, Infinity, 2, 2, 3, 3, 4, 5, 6, 5, 6, 6, 7, 8, 9, 10, 11, 11, 8, 7
CL1B, 1, 2, Infinity, 2, 3, 3, 4, 5, 6, 5, 6, 6, 7, 8, 9, 10, 11, 11, 8, 7
C2, 1, 2, 2, Infinity, 1, 1, 2, 3, 4, 3, 4, 4, 5, 6, 7, 8, 9, 9, 6, 5
O2, 2, 3, 3, 1, Infinity, 2, 3, 4, 5, 4, 5, 5, 6, 7, 8, 9, 10, 10, 7, 6
N2, 2, 3, 3, 1, 2, Infinity, 1, 2, 3, 2, 3, 3, 4, 5, 6, 7, 8, 8, 5, 4
C3, 3, 4, 4, 2, 3, 1, Infinity, 1, 2, 1, 2, 2, 3, 4, 5, 6, 7, 7, 4, 3
C4, 4, 5, 5, 3, 4, 2, 1, Infinity, 1, 2, 3, 3, 4, 5, 6, 7, 8, 8, 5, 4
O4, 5, 6, 6, 4, 5, 3, 2, 1, Infinity, 3, 4, 4, 5, 6, 7, 8, 9, 9, 6, 5
C5, 4, 5, 5, 3, 4, 2, 1, 2, 3, Infinity, 1, 1, 2, 3, 4, 5, 6, 6, 3, 2
O5, 5, 6, 6, 4, 5, 3, 2, 3, 4, 1, Infinity, 2, 3, 4, 5, 6, 7, 7, 4, 3
C6, 5, 6, 6, 4, 5, 3, 2, 3, 4, 1, 2, Infinity, 1, 2, 3, 4, 5, 5, 2, 1
C7, 6, 7, 7, 5, 6, 4, 3, 4, 5, 2, 3, 1, Infinity, 1, 2, 3, 4, 4, 3, 2
C8, 7, 8, 8, 6, 7, 5, 4, 5, 6, 3, 4, 2, 1, Infinity, 1, 2, 3, 3, 2, 3
C9, 8, 9, 9, 7, 8, 6, 5, 6, 7, 4, 5, 3, 2, 1, Infinity, 1, 2, 2, 1, 2
N9, 9, 10, 10, 8, 9, 7, 6, 7, 8, 5, 6, 4, 3, 2, 1, Infinity, 1, 1, 2, 3
O9A, 10, 11, 11, 9, 10, 8, 7, 8, 9, 6, 7, 5, 4, 3, 2, 1, Infinity, 2, 3, 4
O9B, 10, 11, 11, 9, 10, 8, 7, 8, 9, 6, 7, 5, 4, 3, 2, 1, 2, Infinity, 3, 4
C10, 7, 8, 8, 6, 7, 5, 4, 5, 6, 3, 4, 2, 3, 2, 1, 2, 3, 3, Infinity, 1
C11, 6, 7, 7, 5, 6, 4, 3, 4, 5, 2, 3, 1, 2, 3, 2, 3, 4, 4, 1, Infinity
bind 1 4: N1:O4
bind 1 5: N1:N5
bind 2 6: C2:C6
bind 3 7: C3:C7
bind 3 9: C3:C9
bind 4 6: O4:C6
bind 5 8: N5:O8
bind 5 10: N5:C10
bind 5 17: N5:O17
bind 6 11: C6:C11
bind 6 12: C6:C12
bind 7 10: C7:C10
bind 8 9: O8:C9
bind 9 13: C9:C13
bind 9 14: C9:C14
bind 9 17: C9:O17
bind 10 15: C10:C15
bind 11 14: C11:C14
bind 11 16: C11:O16
bind 12 13: C12:C13
bind 12 16: C12:O16
, N1, C2, C3, O4, N5, C6, C7, O8, C9, C10, C11, C12, C13, C14, C15, O16, O17
N1, Infinity, 1, 2, 3, 3, 4, 5, 6, 5, 6, 7, 7, 8, 8, 9, 10, 6
C2, 1, Infinity, 1, 2, 2, 3, 4, 5, 4, 5, 6, 6, 7, 7, 8, 9, 5
C3, 2, 1, Infinity, 1, 1, 2, 3, 4, 3, 4, 5, 5, 6, 6, 7, 8, 4
O4, 3, 2, 1, Infinity, 2, 3, 4, 5, 4, 5, 6, 6, 7, 7, 8, 9, 5
N5, 3, 2, 1, 2, Infinity, 1, 2, 3, 2, 3, 4, 4, 5, 5, 6, 7, 3
C6, 4, 3, 2, 3, 1, Infinity, 1, 2, 1, 2, 3, 3, 4, 4, 5, 6, 2
C7, 5, 4, 3, 4, 2, 1, Infinity, 1, 2, 3, 4, 4, 5, 5, 6, 7, 1
O8, 6, 5, 4, 5, 3, 2, 1, Infinity, 3, 4, 5, 5, 6, 6, 7, 8, 2
C9, 5, 4, 3, 4, 2, 1, 2, 3, Infinity, 1, 2, 2, 3, 3, 4, 5, 3
C10, 6, 5, 4, 5, 3, 2, 3, 4, 1, Infinity, 1, 1, 2, 2, 3, 4, 4
C11, 7, 6, 5, 6, 4, 3, 4, 5, 2, 1, Infinity, 2, 1, 3, 2, 3, 5
C12, 7, 6, 5, 6, 4, 3, 4, 5, 2, 1, 2, Infinity, 3, 1, 2, 3, 5
C13, 8, 7, 6, 7, 5, 4, 5, 6, 3, 2, 1, 3, Infinity, 2, 1, 2, 6
C14, 8, 7, 6, 7, 5, 4, 5, 6, 3, 2, 3, 1, 2, Infinity, 1, 2, 6
C15, 9, 8, 7, 8, 6, 5, 6, 7, 4, 3, 2, 2, 1, 1, Infinity, 1, 7
O16, 10, 9, 8, 9, 7, 6, 7, 8, 5, 4, 3, 3, 2, 2, 1, Infinity, 8
O17, 6, 5, 4, 5, 3, 2, 1, 2, 3, 4, 5, 5, 6, 6, 7, 8, Infinity
bind 1 3: CB:O
bind 1 5: CB:CA
bind 2 6: OG:CB1
bind 2 7: OG:CB2
bind 3 6: O:CB1
bind 3 7: O:CB2
bind 4 8: C:CG
bind 5 9: CA:CD1
bind 5 13: CA:CD2
bind 6 10: CB1:CE1
bind 6 12: CB1:CE2
bind 6 14: CB1:OH
bind 7 8: CB2:CG
bind 8 11: CG:CZ
bind 9 12: CD1:CE2
bind 9 14: CD1:OH
bind 10 13: CE1:CD2
bind 11 14: CZ:OH
, CB, OG, O, C, CA, CB1, CB2, CG, CD1, CE1, CZ, CE2, CD2, OH
CB, Infinity, 1, 3, 2, 3, 4, 4, 5, 6, 7, 8, 7, 6, 7
OG, 1, Infinity, 2, 1, 2, 3, 3, 4, 5, 6, 7, 6, 5, 6
O, 3, 2, Infinity, 1, 2, 3, 3, 4, 5, 6, 7, 6, 5, 6
C, 2, 1, 1, Infinity, 1, 2, 2, 3, 4, 5, 6, 5, 4, 5
CA, 3, 2, 2, 1, Infinity, 1, 1, 2, 3, 4, 5, 4, 3, 4
CB1, 4, 3, 3, 2, 1, Infinity, 2, 1, 2, 3, 4, 3, 2, 3
CB2, 4, 3, 3, 2, 1, 2, Infinity, 3, 4, 5, 6, 5, 4, 5
CG, 5, 4, 4, 3, 2, 1, 3, Infinity, 1, 2, 3, 2, 1, 2
CD1, 6, 5, 5, 4, 3, 2, 4, 1, Infinity, 1, 2, 3, 2, 3
CE1, 7, 6, 6, 5, 4, 3, 5, 2, 1, Infinity, 1, 2, 3, 4
CZ, 8, 7, 7, 6, 5, 4, 6, 3, 2, 1, Infinity, 1, 2, 3
CE2, 7, 6, 6, 5, 4, 3, 5, 2, 3, 2, 1, Infinity, 1, 2
CD2, 6, 5, 5, 4, 3, 2, 4, 1, 2, 3, 2, 1, Infinity, 1
OH, 7, 6, 6, 5, 4, 3, 5, 2, 3, 4, 3, 2, 1, Infinity
bind 1 4: N1:C4
bind 1 6: N1:N5
bind 1 13: N1:C10
bind 1 18: N1:C14
bind 2 5: C2:C4A
bind 2 14: C2:N11
bind 2 16: C2:C12
bind 3 6: C3:N5
bind 3 15: C3:C11
bind 4 7: C4:C6
bind 4 14: C4:N11
bind 5 8: C4A:C6A
bind 5 13: C4A:C10
bind 5 17: C4A:O13
bind 5 18: C4A:C14
bind 6 9: N5:C7
bind 6 13: N5:C10
bind 6 14: N5:N11
bind 6 16: N5:C12
bind 7 10: C6:C8
bind 7 12: C6:N10
bind 7 14: C6:N11
bind 7 15: C6:C11
bind 8 11: C6A:C9
bind 8 15: C6A:C11
bind 8 18: C6A:C14
bind 9 12: C7:N10
bind 9 14: C7:N11
bind 9 17: C7:O13
bind 10 13: C8:C10
bind 11 14: C9:N11
bind 12 15: N10:C11
bind 12 18: N10:C14
bind 13 17: C10:O13
bind 13 19: C10:C15
bind 13 20: C10:C16
bind 15 16: C11:C12
bind 15 19: C11:C15
bind 15 20: C11:C16
, N1, C2, C3, C4, C4A, N5, C6, C6A, C7, C8, C9, N10, C10, N11, C11, C12, O13, C14, C15, C16
N1, Infinity, 1, 2, 3, 2, 3, 4, 4, 5, 6, 5, 4, 3, 2, 1, 4, 5, 3, 4, 4
C2, 1, Infinity, 1, 2, 3, 4, 5, 5, 6, 7, 6, 5, 4, 3, 2, 3, 6, 4, 5, 5
C3, 2, 1, Infinity, 1, 2, 3, 4, 5, 6, 7, 7, 6, 5, 4, 3, 2, 5, 5, 6, 6
C4, 3, 2, 1, Infinity, 1, 2, 3, 4, 5, 6, 6, 5, 4, 3, 2, 1, 4, 4, 5, 5
C4A, 2, 3, 2, 1, Infinity, 1, 2, 3, 4, 5, 5, 4, 3, 2, 1, 2, 3, 3, 4, 4
N5, 3, 4, 3, 2, 1, Infinity, 1, 2, 3, 4, 5, 4, 3, 3, 2, 3, 2, 4, 5, 5
C6, 4, 5, 4, 3, 2, 1, Infinity, 1, 2, 3, 4, 3, 2, 3, 3, 4, 1, 4, 5, 5
C6A, 4, 5, 5, 4, 3, 2, 1, Infinity, 1, 2, 3, 2, 1, 2, 3, 5, 2, 3, 4, 4
C7, 5, 6, 6, 5, 4, 3, 2, 1, Infinity, 1, 2, 3, 2, 3, 4, 6, 3, 4, 5, 5
C8, 6, 7, 7, 6, 5, 4, 3, 2, 1, Infinity, 1, 2, 3, 4, 5, 7, 4, 5, 6, 6
C9, 5, 6, 7, 6, 5, 5, 4, 3, 2, 1, Infinity, 1, 2, 3, 4, 7, 5, 4, 5, 5
N10, 4, 5, 6, 5, 4, 4, 3, 2, 3, 2, 1, Infinity, 1, 2, 3, 6, 4, 3, 4, 4
C10, 3, 4, 5, 4, 3, 3, 2, 1, 2, 3, 2, 1, Infinity, 1, 2, 5, 3, 2, 3, 3
N11, 2, 3, 4, 3, 2, 3, 3, 2, 3, 4, 3, 2, 1, Infinity, 1, 4, 4, 1, 2, 2
C11, 1, 2, 3, 2, 1, 2, 3, 3, 4, 5, 4, 3, 2, 1, Infinity, 3, 4, 2, 3, 3
C12, 4, 3, 2, 1, 2, 3, 4, 5, 6, 7, 7, 6, 5, 4, 3, Infinity, 5, 5, 6, 6
O13, 5, 6, 5, 4, 3, 2, 1, 2, 3, 4, 5, 4, 3, 4, 4, 5, Infinity, 5, 6, 6
C14, 3, 4, 5, 4, 3, 4, 4, 3, 4, 5, 4, 3, 2, 1, 2, 5, 5, Infinity, 1, 1
C15, 4, 5, 6, 5, 4, 5, 5, 4, 5, 6, 5, 4, 3, 2, 3, 6, 6, 1, Infinity, 1
C16, 4, 5, 6, 5, 4, 5, 5, 4, 5, 6, 5, 4, 3, 2, 3, 6, 6, 1, 1, Infinity
bind 1 4: C1:C4
bind 2 5: C2:C5
bind 2 8: C2:N1
bind 2 9: C2:N2
bind 3 6: C3:C6
bind 3 7: C3:C7
bind 5 7: C5:C7
bind 6 8: C6:N1
bind 6 9: C6:N2
, C1, C2, C3, C4, C5, C6, C7, N1, N2
C1, Infinity, 1, 2, 3, 2, 1, 1, 2, 2
C2, 1, Infinity, 1, 2, 3, 2, 2, 3, 3
C3, 2, 1, Infinity, 1, 2, 3, 3, 4, 4
C4, 3, 2, 1, Infinity, 1, 2, 4, 5, 5
C5, 2, 3, 2, 1, Infinity, 1, 3, 4, 4
C6, 1, 2, 3, 2, 1, Infinity, 2, 3, 3
C7, 1, 2, 3, 4, 3, 2, Infinity, 1, 1
N1, 2, 3, 4, 5, 4, 3, 1, Infinity, 2
N2, 2, 3, 4, 5, 4, 3, 1, 2, Infinity
